[2024-05-09 19:15:06.565379] exist_model:[]
[2024-05-09 19:15:06.569141] test start with new-architecture/net3/snapshots3/DehazeNet_epoch0.pth
[2024-05-09 19:19:32.480550] test end with new-architecture/net3/snapshots3/DehazeNet_epoch0.pth
[2024-05-09 19:23:54.785820] Avg_PSNR: 18.932971440681502 dB, Avg_SSIM: 0.8276143447384512
[2024-05-09 19:23:54.809468] test start with new-architecture/net3/snapshots3/DehazeNet_epoch1.pth
[2024-05-09 19:29:02.773522] test end with new-architecture/net3/snapshots3/DehazeNet_epoch1.pth
[2024-05-09 19:33:26.484855] Avg_PSNR: 19.357532131676244 dB, Avg_SSIM: 0.8466618057388828
[2024-05-09 19:33:26.508373] test start with new-architecture/net3/snapshots3/DehazeNet_epoch2.pth
[2024-05-09 19:38:39.996009] test end with new-architecture/net3/snapshots3/DehazeNet_epoch2.pth
[2024-05-09 19:43:05.657845] Avg_PSNR: 19.494304320272764 dB, Avg_SSIM: 0.8541024847700819
[2024-05-09 19:43:05.680663] test start with new-architecture/net3/snapshots3/DehazeNet_epoch3.pth
[2024-05-09 19:48:18.313318] test end with new-architecture/net3/snapshots3/DehazeNet_epoch3.pth
[2024-05-09 19:52:39.470428] Avg_PSNR: 19.425256014858288 dB, Avg_SSIM: 0.8579831238328
[2024-05-09 19:52:39.492656] test start with new-architecture/net3/snapshots3/DehazeNet_epoch4.pth
[2024-05-09 19:57:44.001865] test end with new-architecture/net3/snapshots3/DehazeNet_epoch4.pth
[2024-05-09 20:01:27.798164] Avg_PSNR: 19.4106579482866 dB, Avg_SSIM: 0.8612300852570147
[2024-05-09 20:01:27.820471] test start with new-architecture/net3/snapshots3/DehazeNet_epoch5.pth
[2024-05-09 20:06:26.832589] test end with new-architecture/net3/snapshots3/DehazeNet_epoch5.pth
[2024-05-09 20:10:11.454779] Avg_PSNR: 19.584941684624365 dB, Avg_SSIM: 0.8632665657130588
[2024-05-09 20:10:11.478416] test start with new-architecture/net3/snapshots3/DehazeNet_epoch6.pth
[2024-05-09 20:15:09.252810] test end with new-architecture/net3/snapshots3/DehazeNet_epoch6.pth
[2024-05-09 20:19:58.994380] Avg_PSNR: 19.456309663494636 dB, Avg_SSIM: 0.8616349948927259
[2024-05-09 20:19:59.017165] test start with new-architecture/net3/snapshots3/DehazeNet_epoch7.pth
[2024-05-09 20:25:01.640513] test end with new-architecture/net3/snapshots3/DehazeNet_epoch7.pth
[2024-05-09 20:29:20.061688] Avg_PSNR: 19.606590470101406 dB, Avg_SSIM: 0.8644630886209372
[2024-05-09 20:29:20.082811] test start with new-architecture/net3/snapshots3/DehazeNet_epoch8.pth
[2024-05-09 20:34:27.844874] test end with new-architecture/net3/snapshots3/DehazeNet_epoch8.pth
[2024-05-09 20:38:58.710600] Avg_PSNR: 19.577041328706667 dB, Avg_SSIM: 0.8637693372715628
[2024-05-09 20:38:58.736796] test start with new-architecture/net3/snapshots3/DehazeNet_epoch9.pth
[2024-05-09 20:44:07.924679] test end with new-architecture/net3/snapshots3/DehazeNet_epoch9.pth
[2024-05-09 20:48:36.867751] Avg_PSNR: 19.692036742541493 dB, Avg_SSIM: 0.8660698177795404
[2024-05-09 20:48:36.889709] test start with new-architecture/net3/snapshots3/DehazeNet_epoch10.pth
[2024-05-09 20:53:37.232108] test end with new-architecture/net3/snapshots3/DehazeNet_epoch10.pth
[2024-05-09 20:58:13.291421] Avg_PSNR: 19.709667665869397 dB, Avg_SSIM: 0.8627259815065175
[2024-05-09 20:58:13.315901] test start with new-architecture/net3/snapshots3/DehazeNet_epoch11.pth
[2024-05-09 21:03:17.284642] test end with new-architecture/net3/snapshots3/DehazeNet_epoch11.pth
[2024-05-09 21:07:02.937980] Avg_PSNR: 19.642135062596704 dB, Avg_SSIM: 0.8664148757063417
[2024-05-09 21:07:02.963536] test start with new-architecture/net3/snapshots3/DehazeNet_epoch12.pth
[2024-05-09 21:12:07.107677] test end with new-architecture/net3/snapshots3/DehazeNet_epoch12.pth
[2024-05-09 21:16:47.069471] Avg_PSNR: 19.840353645442953 dB, Avg_SSIM: 0.8649215493034466
[2024-05-09 21:16:47.091788] test start with new-architecture/net3/snapshots3/DehazeNet_epoch13.pth
[2024-05-09 21:22:05.871726] test end with new-architecture/net3/snapshots3/DehazeNet_epoch13.pth
[2024-05-09 21:26:56.221641] Avg_PSNR: 19.786581425055203 dB, Avg_SSIM: 0.8654911366352521
[2024-05-09 21:26:56.246133] test start with new-architecture/net3/snapshots3/DehazeNet_epoch14.pth
[2024-05-09 21:32:14.503515] test end with new-architecture/net3/snapshots3/DehazeNet_epoch14.pth
[2024-05-09 21:36:54.261981] Avg_PSNR: 19.69008959576377 dB, Avg_SSIM: 0.8663392513841341
[2024-05-09 21:36:54.283035] test start with new-architecture/net3/snapshots3/DehazeNet_epoch15.pth
[2024-05-09 21:42:06.620326] test end with new-architecture/net3/snapshots3/DehazeNet_epoch15.pth
[2024-05-09 21:46:50.074914] Avg_PSNR: 19.766661360068934 dB, Avg_SSIM: 0.8656402801565029
[2024-05-09 21:46:50.098246] test start with new-architecture/net3/snapshots3/DehazeNet_epoch16.pth
[2024-05-09 21:52:07.568281] test end with new-architecture/net3/snapshots3/DehazeNet_epoch16.pth
[2024-05-09 21:56:04.076693] Avg_PSNR: 19.7294466675499 dB, Avg_SSIM: 0.8640711564507314
[2024-05-09 21:56:04.100386] test start with new-architecture/net3/snapshots3/DehazeNet_epoch17.pth
[2024-05-09 22:01:07.374706] test end with new-architecture/net3/snapshots3/DehazeNet_epoch17.pth
[2024-05-09 22:04:52.461724] Avg_PSNR: 19.687876964366847 dB, Avg_SSIM: 0.867811074869837
[2024-05-09 22:04:52.482947] test start with new-architecture/net3/snapshots3/DehazeNet_epoch18.pth
[2024-05-09 22:09:55.332934] test end with new-architecture/net3/snapshots3/DehazeNet_epoch18.pth
[2024-05-09 22:13:41.117833] Avg_PSNR: 19.64098807684292 dB, Avg_SSIM: 0.8661279165673232
[2024-05-09 22:13:41.141240] test start with new-architecture/net3/snapshots3/DehazeNet_epoch19.pth
[2024-05-09 22:18:45.116589] test end with new-architecture/net3/snapshots3/DehazeNet_epoch19.pth
[2024-05-09 22:22:30.228595] Avg_PSNR: 19.726273263309537 dB, Avg_SSIM: 0.8680216840164945
[2024-05-09 22:22:30.248802] test start with new-architecture/net3/snapshots3/DehazeNet_epoch20.pth
[2024-05-09 22:27:36.311511] test end with new-architecture/net3/snapshots3/DehazeNet_epoch20.pth
[2024-05-09 22:31:21.675027] Avg_PSNR: 19.639370505166838 dB, Avg_SSIM: 0.867419903260066
[2024-05-09 22:31:21.694870] test start with new-architecture/net3/snapshots3/DehazeNet_epoch21.pth
[2024-05-09 22:36:24.397154] test end with new-architecture/net3/snapshots3/DehazeNet_epoch21.pth
[2024-05-09 22:40:09.424078] Avg_PSNR: 19.873036063394277 dB, Avg_SSIM: 0.8663905468254178
[2024-05-09 22:40:09.445724] test start with new-architecture/net3/snapshots3/DehazeNet_epoch22.pth
[2024-05-09 22:45:13.103762] test end with new-architecture/net3/snapshots3/DehazeNet_epoch22.pth
[2024-05-09 22:48:58.330375] Avg_PSNR: 19.648389221315885 dB, Avg_SSIM: 0.8677092991737018
[2024-05-09 22:48:58.349970] test start with new-architecture/net3/snapshots3/DehazeNet_epoch23.pth
[2024-05-09 22:54:03.758769] test end with new-architecture/net3/snapshots3/DehazeNet_epoch23.pth
[2024-05-09 22:57:50.214757] Avg_PSNR: 19.618796044271125 dB, Avg_SSIM: 0.8675989168272212
[2024-05-09 22:57:50.235832] test start with new-architecture/net3/snapshots3/DehazeNet_epoch24.pth
[2024-05-09 23:02:55.691898] test end with new-architecture/net3/snapshots3/DehazeNet_epoch24.pth
[2024-05-09 23:06:40.648257] Avg_PSNR: 19.842532705000842 dB, Avg_SSIM: 0.8673989844942299
[2024-05-09 23:06:40.669417] test start with new-architecture/net3/snapshots3/DehazeNet_epoch25.pth
[2024-05-09 23:11:47.687884] test end with new-architecture/net3/snapshots3/DehazeNet_epoch25.pth
[2024-05-09 23:15:33.182934] Avg_PSNR: 19.66195812048985 dB, Avg_SSIM: 0.8683658800410525
[2024-05-09 23:15:33.202995] test start with new-architecture/net3/snapshots3/DehazeNet_epoch26.pth
[2024-05-09 23:20:37.912942] test end with new-architecture/net3/snapshots3/DehazeNet_epoch26.pth
[2024-05-09 23:24:23.051234] Avg_PSNR: 19.600819005415804 dB, Avg_SSIM: 0.8664935461558195
[2024-05-09 23:24:23.072067] test start with new-architecture/net3/snapshots3/DehazeNet_epoch27.pth
[2024-05-09 23:29:31.300613] test end with new-architecture/net3/snapshots3/DehazeNet_epoch27.pth
[2024-05-09 23:33:17.663445] Avg_PSNR: 19.787841804412214 dB, Avg_SSIM: 0.8691182765276204
[2024-05-09 23:33:17.682921] test start with new-architecture/net3/snapshots3/DehazeNet_epoch28.pth
[2024-05-09 23:38:21.328777] test end with new-architecture/net3/snapshots3/DehazeNet_epoch28.pth
[2024-05-09 23:42:06.050308] Avg_PSNR: 19.73231744017764 dB, Avg_SSIM: 0.8692628207128021
[2024-05-09 23:42:06.084932] test start with new-architecture/net3/snapshots3/DehazeNet_epoch29.pth
[2024-05-09 23:47:10.091348] test end with new-architecture/net3/snapshots3/DehazeNet_epoch29.pth
[2024-05-09 23:50:54.715752] Avg_PSNR: 19.671371206603244 dB, Avg_SSIM: 0.8685965806931486
[2024-05-09 23:50:54.736762] test start with new-architecture/net3/snapshots3/DehazeNet_epoch30.pth
[2024-05-09 23:55:57.656962] test end with new-architecture/net3/snapshots3/DehazeNet_epoch30.pth
[2024-05-09 23:59:42.133395] Avg_PSNR: 19.757067055330804 dB, Avg_SSIM: 0.869682767741797
[2024-05-09 23:59:42.153736] test start with new-architecture/net3/snapshots3/DehazeNet_epoch31.pth
[2024-05-10 00:04:46.527635] test end with new-architecture/net3/snapshots3/DehazeNet_epoch31.pth
[2024-05-10 00:08:31.100458] Avg_PSNR: 19.732565189541674 dB, Avg_SSIM: 0.8688532646774013
[2024-05-10 00:08:31.119307] test start with new-architecture/net3/snapshots3/DehazeNet_epoch32.pth
[2024-05-10 00:13:33.817770] test end with new-architecture/net3/snapshots3/DehazeNet_epoch32.pth
[2024-05-10 00:17:18.557125] Avg_PSNR: 19.75046126236881 dB, Avg_SSIM: 0.8690213143189536
[2024-05-10 00:17:18.582146] test start with new-architecture/net3/snapshots3/DehazeNet_epoch33.pth
[2024-05-10 00:22:19.819248] test end with new-architecture/net3/snapshots3/DehazeNet_epoch33.pth
[2024-05-10 00:26:05.036147] Avg_PSNR: 19.795479736637432 dB, Avg_SSIM: 0.868590694769258
[2024-05-10 00:26:05.055314] test start with new-architecture/net3/snapshots3/DehazeNet_epoch34.pth
[2024-05-10 00:31:11.325922] test end with new-architecture/net3/snapshots3/DehazeNet_epoch34.pth
[2024-05-10 00:34:56.098958] Avg_PSNR: 19.856558564474856 dB, Avg_SSIM: 0.8698951607646446
[2024-05-10 00:34:56.119274] test start with new-architecture/net3/snapshots3/DehazeNet_epoch35.pth
[2024-05-10 00:40:01.275866] test end with new-architecture/net3/snapshots3/DehazeNet_epoch35.pth
[2024-05-10 00:43:46.405023] Avg_PSNR: 19.816190390871903 dB, Avg_SSIM: 0.8694032904266238
[2024-05-10 00:43:46.425945] test start with new-architecture/net3/snapshots3/DehazeNet_epoch36.pth
[2024-05-10 00:48:47.039761] test end with new-architecture/net3/snapshots3/DehazeNet_epoch36.pth
[2024-05-10 00:52:32.870440] Avg_PSNR: 19.78158051733553 dB, Avg_SSIM: 0.8649695543258656
[2024-05-10 00:52:32.893051] test start with new-architecture/net3/snapshots3/DehazeNet_epoch37.pth
[2024-05-10 00:57:36.621883] test end with new-architecture/net3/snapshots3/DehazeNet_epoch37.pth
[2024-05-10 01:01:22.096381] Avg_PSNR: 19.826972036021182 dB, Avg_SSIM: 0.8703509087998218
[2024-05-10 01:01:22.116745] test start with new-architecture/net3/snapshots3/DehazeNet_epoch38.pth
[2024-05-10 01:06:27.833439] test end with new-architecture/net3/snapshots3/DehazeNet_epoch38.pth
[2024-05-10 01:10:13.004077] Avg_PSNR: 19.61324713599345 dB, Avg_SSIM: 0.8679958395796563
[2024-05-10 01:10:13.025132] test start with new-architecture/net3/snapshots3/DehazeNet_epoch39.pth
[2024-05-10 01:15:15.343400] test end with new-architecture/net3/snapshots3/DehazeNet_epoch39.pth
[2024-05-10 01:18:59.934389] Avg_PSNR: 19.690797244736427 dB, Avg_SSIM: 0.8698435022994732
[2024-05-10 01:18:59.956239] test start with new-architecture/net3/snapshots3/DehazeNet_epoch40.pth
[2024-05-10 01:24:05.523716] test end with new-architecture/net3/snapshots3/DehazeNet_epoch40.pth
[2024-05-10 01:27:49.873524] Avg_PSNR: 19.80978247843461 dB, Avg_SSIM: 0.8701971981099305
[2024-05-10 01:27:49.892146] test start with new-architecture/net3/snapshots3/DehazeNet_epoch41.pth
[2024-05-10 01:32:52.976142] test end with new-architecture/net3/snapshots3/DehazeNet_epoch41.pth
[2024-05-10 01:36:37.735993] Avg_PSNR: 19.68577157670062 dB, Avg_SSIM: 0.86979409957894
[2024-05-10 01:36:37.755547] test start with new-architecture/net3/snapshots3/DehazeNet_epoch42.pth
[2024-05-10 01:41:40.550810] test end with new-architecture/net3/snapshots3/DehazeNet_epoch42.pth
[2024-05-10 01:45:25.515271] Avg_PSNR: 19.923656638840857 dB, Avg_SSIM: 0.8685715859951517
[2024-05-10 01:45:25.533755] test start with new-architecture/net3/snapshots3/DehazeNet_epoch43.pth
[2024-05-10 01:50:29.165352] test end with new-architecture/net3/snapshots3/DehazeNet_epoch43.pth
[2024-05-10 01:54:13.714674] Avg_PSNR: 19.814529500518937 dB, Avg_SSIM: 0.870784292313686
[2024-05-10 01:54:13.737313] test start with new-architecture/net3/snapshots3/DehazeNet_epoch44.pth
[2024-05-10 01:59:14.231929] test end with new-architecture/net3/snapshots3/DehazeNet_epoch44.pth
[2024-05-10 02:02:59.564312] Avg_PSNR: 19.71435835188736 dB, Avg_SSIM: 0.8707163070551194
[2024-05-10 02:02:59.585259] test start with new-architecture/net3/snapshots3/DehazeNet_epoch45.pth
[2024-05-10 02:08:04.627244] test end with new-architecture/net3/snapshots3/DehazeNet_epoch45.pth
[2024-05-10 02:11:48.953706] Avg_PSNR: 19.884534402586738 dB, Avg_SSIM: 0.8713830100293556
[2024-05-10 02:11:48.973121] test start with new-architecture/net3/snapshots3/DehazeNet_epoch46.pth
[2024-05-10 02:16:53.800143] test end with new-architecture/net3/snapshots3/DehazeNet_epoch46.pth
[2024-05-10 02:20:39.101233] Avg_PSNR: 19.90448912802425 dB, Avg_SSIM: 0.8694133263860158
[2024-05-10 02:20:39.129662] test start with new-architecture/net3/snapshots3/DehazeNet_epoch47.pth
[2024-05-10 02:25:46.957497] test end with new-architecture/net3/snapshots3/DehazeNet_epoch47.pth
[2024-05-10 02:29:31.593495] Avg_PSNR: 19.927914618718365 dB, Avg_SSIM: 0.8711967987790032
[2024-05-10 02:29:31.613129] test start with new-architecture/net3/snapshots3/DehazeNet_epoch48.pth
[2024-05-10 02:34:37.199636] test end with new-architecture/net3/snapshots3/DehazeNet_epoch48.pth
[2024-05-10 02:38:22.083477] Avg_PSNR: 19.947276558089616 dB, Avg_SSIM: 0.8701627864842416
[2024-05-10 02:38:22.103338] test start with new-architecture/net3/snapshots3/DehazeNet_epoch49.pth
[2024-05-10 02:43:25.546403] test end with new-architecture/net3/snapshots3/DehazeNet_epoch49.pth
[2024-05-10 02:47:10.212272] Avg_PSNR: 19.885268951029264 dB, Avg_SSIM: 0.8708492159624821
[2024-05-10 02:47:10.235604] test start with new-architecture/net3/snapshots3/DehazeNet_epoch50.pth
[2024-05-10 02:52:14.442644] test end with new-architecture/net3/snapshots3/DehazeNet_epoch50.pth
[2024-05-10 02:55:58.980896] Avg_PSNR: 19.87691969233627 dB, Avg_SSIM: 0.8705372325417676
[2024-05-10 02:55:59.019303] test start with new-architecture/net3/snapshots3/DehazeNet_epoch51.pth
[2024-05-10 03:01:05.395355] test end with new-architecture/net3/snapshots3/DehazeNet_epoch51.pth
[2024-05-10 03:04:50.349647] Avg_PSNR: 19.9793239282327 dB, Avg_SSIM: 0.8706979302514907
[2024-05-10 03:04:50.368404] test start with new-architecture/net3/snapshots3/DehazeNet_epoch52.pth
[2024-05-10 03:09:54.917250] test end with new-architecture/net3/snapshots3/DehazeNet_epoch52.pth
[2024-05-10 03:13:39.762106] Avg_PSNR: 19.869415318476538 dB, Avg_SSIM: 0.8716376006662866
[2024-05-10 03:13:39.781917] test start with new-architecture/net3/snapshots3/DehazeNet_epoch53.pth
[2024-05-10 03:18:42.765190] test end with new-architecture/net3/snapshots3/DehazeNet_epoch53.pth
[2024-05-10 03:22:27.714032] Avg_PSNR: 19.75293715457649 dB, Avg_SSIM: 0.8701821302882669
[2024-05-10 03:22:27.734419] test start with new-architecture/net3/snapshots3/DehazeNet_epoch54.pth
[2024-05-10 03:27:31.231699] test end with new-architecture/net3/snapshots3/DehazeNet_epoch54.pth
[2024-05-10 03:31:15.715568] Avg_PSNR: 19.922045904821147 dB, Avg_SSIM: 0.8717126970729974
[2024-05-10 03:31:15.737344] test start with new-architecture/net3/snapshots3/DehazeNet_epoch55.pth
[2024-05-10 03:36:19.794546] test end with new-architecture/net3/snapshots3/DehazeNet_epoch55.pth
[2024-05-10 03:40:04.543512] Avg_PSNR: 20.01544560428418 dB, Avg_SSIM: 0.8684404229632852
[2024-05-10 03:40:04.569189] test start with new-architecture/net3/snapshots3/DehazeNet_epoch56.pth
[2024-05-10 03:45:09.116887] test end with new-architecture/net3/snapshots3/DehazeNet_epoch56.pth
[2024-05-10 03:48:53.656802] Avg_PSNR: 19.931594277034968 dB, Avg_SSIM: 0.8711697306880238
[2024-05-10 03:48:53.682070] test start with new-architecture/net3/snapshots3/DehazeNet_epoch57.pth
[2024-05-10 03:53:56.751183] test end with new-architecture/net3/snapshots3/DehazeNet_epoch57.pth
[2024-05-10 03:57:41.084979] Avg_PSNR: 19.9659172038747 dB, Avg_SSIM: 0.8697811423957089
[2024-05-10 03:57:41.111753] test start with new-architecture/net3/snapshots3/DehazeNet_epoch58.pth
[2024-05-10 04:02:44.090356] test end with new-architecture/net3/snapshots3/DehazeNet_epoch58.pth
[2024-05-10 04:06:28.792377] Avg_PSNR: 19.814310668038193 dB, Avg_SSIM: 0.871299571973477
[2024-05-10 04:06:28.812631] test start with new-architecture/net3/snapshots3/DehazeNet_epoch59.pth
[2024-05-10 04:11:32.182447] test end with new-architecture/net3/snapshots3/DehazeNet_epoch59.pth
[2024-05-10 04:15:17.288717] Avg_PSNR: 19.975793107467144 dB, Avg_SSIM: 0.8710674977314476
[2024-05-10 04:15:17.311240] test start with new-architecture/net3/snapshots3/DehazeNet_epoch60.pth
[2024-05-10 04:20:21.140487] test end with new-architecture/net3/snapshots3/DehazeNet_epoch60.pth
[2024-05-10 04:24:05.558047] Avg_PSNR: 19.865290539872397 dB, Avg_SSIM: 0.8715353771502592
[2024-05-10 04:24:05.574519] test start with new-architecture/net3/snapshots3/DehazeNet_epoch61.pth
[2024-05-10 04:29:09.478817] test end with new-architecture/net3/snapshots3/DehazeNet_epoch61.pth
[2024-05-10 04:32:54.174183] Avg_PSNR: 19.32837388672682 dB, Avg_SSIM: 0.8545774398703859
[2024-05-10 04:32:54.198239] test start with new-architecture/net3/snapshots3/DehazeNet_epoch62.pth
[2024-05-10 04:38:00.967121] test end with new-architecture/net3/snapshots3/DehazeNet_epoch62.pth
[2024-05-10 04:41:45.639283] Avg_PSNR: 19.927856368123134 dB, Avg_SSIM: 0.8706187424897432
[2024-05-10 04:41:45.658650] test start with new-architecture/net3/snapshots3/DehazeNet_epoch63.pth
[2024-05-10 04:46:50.543128] test end with new-architecture/net3/snapshots3/DehazeNet_epoch63.pth
[2024-05-10 04:50:35.459298] Avg_PSNR: 19.83055044783982 dB, Avg_SSIM: 0.8715695781523325
[2024-05-10 04:50:35.481684] test start with new-architecture/net3/snapshots3/DehazeNet_epoch64.pth
[2024-05-10 04:55:40.375000] test end with new-architecture/net3/snapshots3/DehazeNet_epoch64.pth
[2024-05-10 04:59:25.259979] Avg_PSNR: 19.831643174761712 dB, Avg_SSIM: 0.869716661031662
[2024-05-10 04:59:25.279555] test start with new-architecture/net3/snapshots3/DehazeNet_epoch65.pth
[2024-05-10 05:04:28.223690] test end with new-architecture/net3/snapshots3/DehazeNet_epoch65.pth
[2024-05-10 05:08:14.756175] Avg_PSNR: 19.28673088744429 dB, Avg_SSIM: 0.8574205098866859
[2024-05-10 05:08:14.777079] test start with new-architecture/net3/snapshots3/DehazeNet_epoch66.pth
[2024-05-10 05:13:19.470521] test end with new-architecture/net3/snapshots3/DehazeNet_epoch66.pth
[2024-05-10 05:17:01.858869] Avg_PSNR: 20.035228656223673 dB, Avg_SSIM: 0.8700433378419943
[2024-05-10 05:17:01.881603] test start with new-architecture/net3/snapshots3/DehazeNet_epoch67.pth
[2024-05-10 05:20:50.000411] test end with new-architecture/net3/snapshots3/DehazeNet_epoch67.pth
[2024-05-10 05:24:24.464909] Avg_PSNR: 19.834671776962658 dB, Avg_SSIM: 0.8712269347701401
[2024-05-10 05:24:24.488056] test start with new-architecture/net3/snapshots3/DehazeNet_epoch68.pth
[2024-05-10 05:28:04.879193] test end with new-architecture/net3/snapshots3/DehazeNet_epoch68.pth
[2024-05-10 05:31:39.054891] Avg_PSNR: 19.930267828487704 dB, Avg_SSIM: 0.8718677788982792
[2024-05-10 05:31:39.075082] test start with new-architecture/net3/snapshots3/DehazeNet_epoch69.pth
[2024-05-10 05:35:18.443074] test end with new-architecture/net3/snapshots3/DehazeNet_epoch69.pth
[2024-05-10 05:38:52.900941] Avg_PSNR: 19.980035148980306 dB, Avg_SSIM: 0.8669970766350841
[2024-05-10 05:38:52.923182] test start with new-architecture/net3/snapshots3/DehazeNet_epoch70.pth
[2024-05-10 05:42:31.856223] test end with new-architecture/net3/snapshots3/DehazeNet_epoch70.pth
[2024-05-10 05:46:06.166864] Avg_PSNR: 19.683294617770763 dB, Avg_SSIM: 0.8699875608528801
[2024-05-10 05:46:06.186243] test start with new-architecture/net3/snapshots3/DehazeNet_epoch71.pth
[2024-05-10 05:49:44.618173] test end with new-architecture/net3/snapshots3/DehazeNet_epoch71.pth
[2024-05-10 05:53:18.741235] Avg_PSNR: 19.870174207361178 dB, Avg_SSIM: 0.8696819330680844
[2024-05-10 05:53:18.760534] test start with new-architecture/net3/snapshots3/DehazeNet_epoch72.pth
[2024-05-10 05:56:57.189931] test end with new-architecture/net3/snapshots3/DehazeNet_epoch72.pth
[2024-05-10 06:00:31.423706] Avg_PSNR: 19.94256265978046 dB, Avg_SSIM: 0.8678153177009658
[2024-05-10 06:00:31.444433] test start with new-architecture/net3/snapshots3/DehazeNet_epoch73.pth
[2024-05-10 06:04:09.679268] test end with new-architecture/net3/snapshots3/DehazeNet_epoch73.pth
[2024-05-10 06:07:44.208193] Avg_PSNR: 19.629226512566884 dB, Avg_SSIM: 0.8687619236597581
[2024-05-10 06:07:44.226851] test start with new-architecture/net3/snapshots3/DehazeNet_epoch74.pth
[2024-05-10 06:11:22.617948] test end with new-architecture/net3/snapshots3/DehazeNet_epoch74.pth
[2024-05-10 06:14:56.765624] Avg_PSNR: 19.64287479477138 dB, Avg_SSIM: 0.8695996247974782
[2024-05-10 06:14:56.789209] test start with new-architecture/net3/snapshots3/DehazeNet_epoch75.pth
[2024-05-10 06:18:35.066853] test end with new-architecture/net3/snapshots3/DehazeNet_epoch75.pth
[2024-05-10 06:22:09.534816] Avg_PSNR: 19.981670226669458 dB, Avg_SSIM: 0.8709457931259387
[2024-05-10 06:22:09.558203] test start with new-architecture/net3/snapshots3/DehazeNet_epoch76.pth
[2024-05-10 06:25:47.758140] test end with new-architecture/net3/snapshots3/DehazeNet_epoch76.pth
[2024-05-10 06:29:22.225127] Avg_PSNR: 19.9034557346035 dB, Avg_SSIM: 0.8714500207350866
[2024-05-10 06:29:22.247640] test start with new-architecture/net3/snapshots3/DehazeNet_epoch77.pth
[2024-05-10 06:33:00.587035] test end with new-architecture/net3/snapshots3/DehazeNet_epoch77.pth
[2024-05-10 06:36:35.007710] Avg_PSNR: 19.87625674208289 dB, Avg_SSIM: 0.8717198225210889
[2024-05-10 06:36:35.027758] test start with new-architecture/net3/snapshots3/DehazeNet_epoch78.pth
[2024-05-10 06:40:13.399857] test end with new-architecture/net3/snapshots3/DehazeNet_epoch78.pth
[2024-05-10 06:43:47.630426] Avg_PSNR: 19.95169943876567 dB, Avg_SSIM: 0.8721227990901244
[2024-05-10 06:43:47.653670] test start with new-architecture/net3/snapshots3/DehazeNet_epoch79.pth
[2024-05-10 06:47:25.589549] test end with new-architecture/net3/snapshots3/DehazeNet_epoch79.pth
[2024-05-10 06:51:00.203884] Avg_PSNR: 19.854787724950533 dB, Avg_SSIM: 0.8712937920222326
[2024-05-10 06:51:00.222420] test start with new-architecture/net3/snapshots3/DehazeNet_epoch80.pth
[2024-05-10 06:54:38.106261] test end with new-architecture/net3/snapshots3/DehazeNet_epoch80.pth
[2024-05-10 06:58:12.389603] Avg_PSNR: 20.032889716312045 dB, Avg_SSIM: 0.8719734310924947
[2024-05-10 06:58:12.408242] test start with new-architecture/net3/snapshots3/DehazeNet_epoch81.pth
[2024-05-10 07:01:50.287565] test end with new-architecture/net3/snapshots3/DehazeNet_epoch81.pth
[2024-05-10 07:05:24.510002] Avg_PSNR: 19.813872419047073 dB, Avg_SSIM: 0.8708779469316266
[2024-05-10 07:05:24.532705] test start with new-architecture/net3/snapshots3/DehazeNet_epoch82.pth
[2024-05-10 07:09:02.536010] test end with new-architecture/net3/snapshots3/DehazeNet_epoch82.pth
[2024-05-10 07:12:36.710981] Avg_PSNR: 19.6808281479323 dB, Avg_SSIM: 0.8663082882518488
[2024-05-10 07:12:36.734384] test start with new-architecture/net3/snapshots3/DehazeNet_epoch83.pth
[2024-05-10 07:16:14.476782] test end with new-architecture/net3/snapshots3/DehazeNet_epoch83.pth
[2024-05-10 07:19:48.621994] Avg_PSNR: 19.966858359621792 dB, Avg_SSIM: 0.8725964278728018
[2024-05-10 07:19:48.644911] test start with new-architecture/net3/snapshots3/DehazeNet_epoch84.pth
[2024-05-10 07:23:26.497533] test end with new-architecture/net3/snapshots3/DehazeNet_epoch84.pth
[2024-05-10 07:27:00.665012] Avg_PSNR: 20.06964849534288 dB, Avg_SSIM: 0.8688494654725734
[2024-05-10 07:27:00.688461] test start with new-architecture/net3/snapshots3/DehazeNet_epoch85.pth
[2024-05-10 07:30:38.392038] test end with new-architecture/net3/snapshots3/DehazeNet_epoch85.pth
[2024-05-10 07:34:12.675248] Avg_PSNR: 20.043109327658573 dB, Avg_SSIM: 0.8715969229308952
[2024-05-10 07:34:12.698109] test start with new-architecture/net3/snapshots3/DehazeNet_epoch86.pth
[2024-05-10 07:37:50.577575] test end with new-architecture/net3/snapshots3/DehazeNet_epoch86.pth
[2024-05-10 07:41:24.906784] Avg_PSNR: 19.7334718521035 dB, Avg_SSIM: 0.8647809723946761
[2024-05-10 07:41:24.926136] test start with new-architecture/net3/snapshots3/DehazeNet_epoch87.pth
[2024-05-10 07:45:02.916317] test end with new-architecture/net3/snapshots3/DehazeNet_epoch87.pth
[2024-05-10 07:48:37.205777] Avg_PSNR: 19.892406609234257 dB, Avg_SSIM: 0.8719282514773118
[2024-05-10 07:48:37.224877] test start with new-architecture/net3/snapshots3/DehazeNet_epoch88.pth
[2024-05-10 07:52:15.361863] test end with new-architecture/net3/snapshots3/DehazeNet_epoch88.pth
[2024-05-10 07:55:49.495932] Avg_PSNR: 19.926044031272056 dB, Avg_SSIM: 0.87261498408661
[2024-05-10 07:55:49.514790] test start with new-architecture/net3/snapshots3/DehazeNet_epoch89.pth
[2024-05-10 07:59:27.505457] test end with new-architecture/net3/snapshots3/DehazeNet_epoch89.pth
[2024-05-10 08:03:01.606672] Avg_PSNR: 19.712874025076488 dB, Avg_SSIM: 0.8676415075656373
[2024-05-10 08:03:01.629518] test start with new-architecture/net3/snapshots3/DehazeNet_epoch90.pth
[2024-05-10 08:06:39.650366] test end with new-architecture/net3/snapshots3/DehazeNet_epoch90.pth
[2024-05-10 08:10:13.891628] Avg_PSNR: 20.02580050020155 dB, Avg_SSIM: 0.8728603297629012
[2024-05-10 08:10:13.914093] test start with new-architecture/net3/snapshots3/DehazeNet_epoch91.pth
[2024-05-10 08:13:51.990675] test end with new-architecture/net3/snapshots3/DehazeNet_epoch91.pth
[2024-05-10 08:17:26.159613] Avg_PSNR: 19.911079556218112 dB, Avg_SSIM: 0.8719161237605852
[2024-05-10 08:17:26.177529] test start with new-architecture/net3/snapshots3/DehazeNet_epoch92.pth
[2024-05-10 08:21:04.191187] test end with new-architecture/net3/snapshots3/DehazeNet_epoch92.pth
[2024-05-10 08:24:38.786427] Avg_PSNR: 20.020778915334944 dB, Avg_SSIM: 0.8701916881484483
[2024-05-10 08:24:38.805702] test start with new-architecture/net3/snapshots3/DehazeNet_epoch93.pth
[2024-05-10 08:28:16.818662] test end with new-architecture/net3/snapshots3/DehazeNet_epoch93.pth
[2024-05-10 08:31:51.115669] Avg_PSNR: 19.997638231685293 dB, Avg_SSIM: 0.8735840987388036
[2024-05-10 08:31:51.134912] test start with new-architecture/net3/snapshots3/DehazeNet_epoch94.pth
[2024-05-10 08:35:28.962942] test end with new-architecture/net3/snapshots3/DehazeNet_epoch94.pth
[2024-05-10 08:39:03.047756] Avg_PSNR: 19.989276040590877 dB, Avg_SSIM: 0.8732795258508836
[2024-05-10 08:39:03.069234] test start with new-architecture/net3/snapshots3/DehazeNet_epoch95.pth
[2024-05-10 08:42:41.008083] test end with new-architecture/net3/snapshots3/DehazeNet_epoch95.pth
[2024-05-10 08:46:15.502506] Avg_PSNR: 19.935590318529318 dB, Avg_SSIM: 0.8722344734105081
[2024-05-10 08:46:15.521461] test start with new-architecture/net3/snapshots3/DehazeNet_epoch96.pth
[2024-05-10 08:49:53.676509] test end with new-architecture/net3/snapshots3/DehazeNet_epoch96.pth
[2024-05-10 08:53:27.968315] Avg_PSNR: 19.905481162666703 dB, Avg_SSIM: 0.8729334952593565
[2024-05-10 08:53:27.987697] test start with new-architecture/net3/snapshots3/DehazeNet_epoch97.pth
[2024-05-10 08:57:06.019466] test end with new-architecture/net3/snapshots3/DehazeNet_epoch97.pth
[2024-05-10 09:00:40.217443] Avg_PSNR: 19.66258248761741 dB, Avg_SSIM: 0.8670867355854045
[2024-05-10 09:00:40.242047] test start with new-architecture/net3/snapshots3/DehazeNet_epoch98.pth
[2024-05-10 09:04:18.263470] test end with new-architecture/net3/snapshots3/DehazeNet_epoch98.pth
[2024-05-10 09:07:52.679340] Avg_PSNR: 20.03718459918915 dB, Avg_SSIM: 0.8732566477835835
[2024-05-10 09:07:52.702721] test start with new-architecture/net3/snapshots3/DehazeNet_epoch99.pth
[2024-05-10 09:11:30.543903] test end with new-architecture/net3/snapshots3/DehazeNet_epoch99.pth
[2024-05-10 09:15:04.825838] Avg_PSNR: 20.0831745934266 dB, Avg_SSIM: 0.872866210131774
[2024-05-10 09:15:04.849121] test start with new-architecture/net3/snapshots3/DehazeNet_epoch100.pth
[2024-05-10 09:18:42.874097] test end with new-architecture/net3/snapshots3/DehazeNet_epoch100.pth
[2024-05-10 09:22:17.158231] Avg_PSNR: 20.100760243238867 dB, Avg_SSIM: 0.8708427450028051
[2024-05-10 09:22:17.181599] test start with new-architecture/net3/snapshots3/DehazeNet_epoch101.pth
[2024-05-10 09:25:57.608054] test end with new-architecture/net3/snapshots3/DehazeNet_epoch101.pth
[2024-05-10 09:30:28.873743] Avg_PSNR: 20.06301958152759 dB, Avg_SSIM: 0.8730497228658052
[2024-05-10 09:30:28.895506] test start with new-architecture/net3/snapshots3/DehazeNet_epoch102.pth
[2024-05-10 09:34:15.886093] test end with new-architecture/net3/snapshots3/DehazeNet_epoch102.pth
[2024-05-10 09:38:48.952104] Avg_PSNR: 19.894695183331887 dB, Avg_SSIM: 0.873329886667885
[2024-05-10 09:38:48.972294] test start with new-architecture/net3/snapshots3/DehazeNet_epoch103.pth
[2024-05-10 09:42:35.677089] test end with new-architecture/net3/snapshots3/DehazeNet_epoch103.pth
[2024-05-10 09:47:06.833055] Avg_PSNR: 19.95306504969208 dB, Avg_SSIM: 0.8730654288685771
[2024-05-10 09:47:06.853407] test start with new-architecture/net3/snapshots3/DehazeNet_epoch104.pth
[2024-05-10 09:50:53.419788] test end with new-architecture/net3/snapshots3/DehazeNet_epoch104.pth
[2024-05-10 09:55:24.087020] Avg_PSNR: 19.767333326865078 dB, Avg_SSIM: 0.8696889538751439
[2024-05-10 09:55:24.108301] test start with new-architecture/net3/snapshots3/DehazeNet_epoch105.pth
[2024-05-10 09:59:09.208572] test end with new-architecture/net3/snapshots3/DehazeNet_epoch105.pth
[2024-05-10 10:03:34.063153] Avg_PSNR: 19.75498059732668 dB, Avg_SSIM: 0.8603825511615171
[2024-05-10 10:03:34.086968] test start with new-architecture/net3/snapshots3/DehazeNet_epoch106.pth
[2024-05-10 10:07:19.909958] test end with new-architecture/net3/snapshots3/DehazeNet_epoch106.pth
[2024-05-10 10:11:44.596021] Avg_PSNR: 19.922403802018376 dB, Avg_SSIM: 0.8736017345984645
[2024-05-10 10:11:44.618811] test start with new-architecture/net3/snapshots3/DehazeNet_epoch107.pth
[2024-05-10 10:15:30.928641] test end with new-architecture/net3/snapshots3/DehazeNet_epoch107.pth
[2024-05-10 10:19:55.524624] Avg_PSNR: 19.90880518560944 dB, Avg_SSIM: 0.8738521121668394
[2024-05-10 10:19:55.547738] test start with new-architecture/net3/snapshots3/DehazeNet_epoch108.pth
[2024-05-10 10:23:44.206775] test end with new-architecture/net3/snapshots3/DehazeNet_epoch108.pth
[2024-05-10 10:28:11.428210] Avg_PSNR: 20.064690529012378 dB, Avg_SSIM: 0.8736117239414195
[2024-05-10 10:28:11.449570] test start with new-architecture/net3/snapshots3/DehazeNet_epoch109.pth
[2024-05-10 10:31:57.690362] test end with new-architecture/net3/snapshots3/DehazeNet_epoch109.pth
[2024-05-10 10:36:24.687029] Avg_PSNR: 19.745241370773762 dB, Avg_SSIM: 0.868383914421065
[2024-05-10 10:36:24.709568] test start with new-architecture/net3/snapshots3/DehazeNet_epoch110.pth
[2024-05-10 10:40:11.267513] test end with new-architecture/net3/snapshots3/DehazeNet_epoch110.pth
[2024-05-10 10:44:38.603731] Avg_PSNR: 20.11620624294763 dB, Avg_SSIM: 0.8740219824132859
[2024-05-10 10:44:38.624782] test start with new-architecture/net3/snapshots3/DehazeNet_epoch111.pth
[2024-05-10 10:48:25.055477] test end with new-architecture/net3/snapshots3/DehazeNet_epoch111.pth
[2024-05-10 10:52:50.233922] Avg_PSNR: 20.10125832526296 dB, Avg_SSIM: 0.8727166455222909
[2024-05-10 10:52:50.257761] test start with new-architecture/net3/snapshots3/DehazeNet_epoch112.pth
[2024-05-10 10:56:31.265546] test end with new-architecture/net3/snapshots3/DehazeNet_epoch112.pth
[2024-05-10 11:00:56.705968] Avg_PSNR: 20.10760619120238 dB, Avg_SSIM: 0.8724014466506078
[2024-05-10 11:00:56.727686] test start with new-architecture/net3/snapshots3/DehazeNet_epoch113.pth
[2024-05-10 11:04:42.830602] test end with new-architecture/net3/snapshots3/DehazeNet_epoch113.pth
[2024-05-10 11:09:16.281860] Avg_PSNR: 19.71312426876962 dB, Avg_SSIM: 0.8708314867010113
[2024-05-10 11:09:16.303837] test start with new-architecture/net3/snapshots3/DehazeNet_epoch114.pth
[2024-05-10 11:13:10.745450] test end with new-architecture/net3/snapshots3/DehazeNet_epoch114.pth
[2024-05-10 11:17:44.363161] Avg_PSNR: 19.659970991440893 dB, Avg_SSIM: 0.8618513867532305
[2024-05-10 11:17:44.383468] test start with new-architecture/net3/snapshots3/DehazeNet_epoch115.pth
[2024-05-10 11:21:37.435049] test end with new-architecture/net3/snapshots3/DehazeNet_epoch115.pth
[2024-05-10 11:26:11.245546] Avg_PSNR: 20.0296105187222 dB, Avg_SSIM: 0.8735609561274472
[2024-05-10 11:26:11.264873] test start with new-architecture/net3/snapshots3/DehazeNet_epoch116.pth
[2024-05-10 11:30:12.517890] test end with new-architecture/net3/snapshots3/DehazeNet_epoch116.pth
[2024-05-10 11:34:45.356068] Avg_PSNR: 19.935748901924153 dB, Avg_SSIM: 0.871006935844822
[2024-05-10 11:34:45.376140] test start with new-architecture/net3/snapshots3/DehazeNet_epoch117.pth
[2024-05-10 11:39:08.302747] test end with new-architecture/net3/snapshots3/DehazeNet_epoch117.pth
[2024-05-10 11:43:44.718438] Avg_PSNR: 20.06485397981601 dB, Avg_SSIM: 0.871113593159377
[2024-05-10 11:43:44.739145] test start with new-architecture/net3/snapshots3/DehazeNet_epoch118.pth
[2024-05-10 11:48:05.102474] test end with new-architecture/net3/snapshots3/DehazeNet_epoch118.pth
[2024-05-10 11:52:35.287304] Avg_PSNR: 19.97842211541201 dB, Avg_SSIM: 0.8745378839468789
[2024-05-10 11:52:35.308660] test start with new-architecture/net3/snapshots3/DehazeNet_epoch119.pth
[2024-05-10 11:57:24.141570] test end with new-architecture/net3/snapshots3/DehazeNet_epoch119.pth
[2024-05-10 12:01:56.626358] Avg_PSNR: 20.085252863337786 dB, Avg_SSIM: 0.8727572379449321
[2024-05-10 12:01:56.647993] test start with new-architecture/net3/snapshots3/DehazeNet_epoch120.pth
[2024-05-10 12:06:11.003847] test end with new-architecture/net3/snapshots3/DehazeNet_epoch120.pth
[2024-05-10 12:10:44.606723] Avg_PSNR: 19.909149503673543 dB, Avg_SSIM: 0.8741829771028037
[2024-05-10 12:10:44.639561] test start with new-architecture/net3/snapshots3/DehazeNet_epoch121.pth
[2024-05-10 12:15:23.171551] test end with new-architecture/net3/snapshots3/DehazeNet_epoch121.pth
[2024-05-10 12:19:53.347169] Avg_PSNR: 19.963817823897923 dB, Avg_SSIM: 0.8692405296985847
[2024-05-10 12:19:53.370743] test start with new-architecture/net3/snapshots3/DehazeNet_epoch122.pth
[2024-05-10 12:24:44.484455] test end with new-architecture/net3/snapshots3/DehazeNet_epoch122.pth
[2024-05-10 12:29:14.043758] Avg_PSNR: 20.017608780298662 dB, Avg_SSIM: 0.8748484021347736
[2024-05-10 12:29:14.064200] test start with new-architecture/net3/snapshots3/DehazeNet_epoch123.pth
[2024-05-10 12:34:06.665212] test end with new-architecture/net3/snapshots3/DehazeNet_epoch123.pth
[2024-05-10 12:38:36.993739] Avg_PSNR: 19.896429409396106 dB, Avg_SSIM: 0.8702102490229064
[2024-05-10 12:38:37.013891] test start with new-architecture/net3/snapshots3/DehazeNet_epoch124.pth
[2024-05-10 12:43:28.669912] test end with new-architecture/net3/snapshots3/DehazeNet_epoch124.pth
[2024-05-10 12:47:57.832210] Avg_PSNR: 19.973910320367498 dB, Avg_SSIM: 0.8753444611946716
[2024-05-10 12:47:57.852089] test start with new-architecture/net3/snapshots3/DehazeNet_epoch125.pth
[2024-05-10 12:52:46.981709] test end with new-architecture/net3/snapshots3/DehazeNet_epoch125.pth
[2024-05-10 12:57:15.871661] Avg_PSNR: 20.049535740649294 dB, Avg_SSIM: 0.8750015182887049
[2024-05-10 12:57:15.891764] test start with new-architecture/net3/snapshots3/DehazeNet_epoch126.pth
[2024-05-10 13:02:04.756191] test end with new-architecture/net3/snapshots3/DehazeNet_epoch126.pth
[2024-05-10 13:06:32.000456] Avg_PSNR: 20.067569637690543 dB, Avg_SSIM: 0.8758152792476821
[2024-05-10 13:06:32.021896] test start with new-architecture/net3/snapshots3/DehazeNet_epoch127.pth
[2024-05-10 13:11:24.109002] test end with new-architecture/net3/snapshots3/DehazeNet_epoch127.pth
[2024-05-10 13:15:51.547693] Avg_PSNR: 19.432554126477505 dB, Avg_SSIM: 0.8676995027657547
[2024-05-10 13:15:51.568073] test start with new-architecture/net3/snapshots3/DehazeNet_epoch128.pth
[2024-05-10 13:20:39.888446] test end with new-architecture/net3/snapshots3/DehazeNet_epoch128.pth
[2024-05-10 13:25:07.613404] Avg_PSNR: 19.49643039755793 dB, Avg_SSIM: 0.8651750114469696
[2024-05-10 13:25:07.634721] test start with new-architecture/net3/snapshots3/DehazeNet_epoch129.pth
[2024-05-10 13:29:51.617857] test end with new-architecture/net3/snapshots3/DehazeNet_epoch129.pth
[2024-05-10 13:34:19.774958] Avg_PSNR: 20.061000919757944 dB, Avg_SSIM: 0.8713448351822364
[2024-05-10 13:34:19.796029] test start with new-architecture/net3/snapshots3/DehazeNet_epoch130.pth
[2024-05-10 13:38:43.311399] test end with new-architecture/net3/snapshots3/DehazeNet_epoch130.pth
[2024-05-10 13:43:10.927012] Avg_PSNR: 19.672290105408788 dB, Avg_SSIM: 0.8699000705655872
[2024-05-10 13:43:10.948165] test start with new-architecture/net3/snapshots3/DehazeNet_epoch131.pth
[2024-05-10 13:47:45.209664] test end with new-architecture/net3/snapshots3/DehazeNet_epoch131.pth
[2024-05-10 13:52:12.419471] Avg_PSNR: 20.122139163300496 dB, Avg_SSIM: 0.8749593357794998
[2024-05-10 13:52:12.441191] test start with new-architecture/net3/snapshots3/DehazeNet_epoch132.pth
[2024-05-10 13:56:52.776331] test end with new-architecture/net3/snapshots3/DehazeNet_epoch132.pth
[2024-05-10 14:01:17.734808] Avg_PSNR: 20.078077003536556 dB, Avg_SSIM: 0.8731218676302345
[2024-05-10 14:01:17.759492] test start with new-architecture/net3/snapshots3/DehazeNet_epoch133.pth
[2024-05-10 14:05:05.279808] test end with new-architecture/net3/snapshots3/DehazeNet_epoch133.pth
[2024-05-10 14:09:27.798075] Avg_PSNR: 19.669504463484614 dB, Avg_SSIM: 0.8660557691197905
[2024-05-10 14:09:27.818158] test start with new-architecture/net3/snapshots3/DehazeNet_epoch134.pth
[2024-05-10 14:13:15.950677] test end with new-architecture/net3/snapshots3/DehazeNet_epoch134.pth
[2024-05-10 14:17:39.028937] Avg_PSNR: 20.07779799144228 dB, Avg_SSIM: 0.8745395312133571
[2024-05-10 14:17:39.049105] test start with new-architecture/net3/snapshots3/DehazeNet_epoch135.pth
[2024-05-10 14:21:26.565308] test end with new-architecture/net3/snapshots3/DehazeNet_epoch135.pth
[2024-05-10 14:25:49.278083] Avg_PSNR: 20.00568866532643 dB, Avg_SSIM: 0.8723718691027216
[2024-05-10 14:25:49.299510] test start with new-architecture/net3/snapshots3/DehazeNet_epoch136.pth
[2024-05-10 14:29:37.297074] test end with new-architecture/net3/snapshots3/DehazeNet_epoch136.pth
[2024-05-10 14:33:59.979173] Avg_PSNR: 19.9171608779477 dB, Avg_SSIM: 0.8746434570491691
[2024-05-10 14:34:00.001168] test start with new-architecture/net3/snapshots3/DehazeNet_epoch137.pth
[2024-05-10 14:37:47.364783] test end with new-architecture/net3/snapshots3/DehazeNet_epoch137.pth
[2024-05-10 14:42:09.321266] Avg_PSNR: 19.81241509423526 dB, Avg_SSIM: 0.8731205226302584
[2024-05-10 14:42:09.342361] test start with new-architecture/net3/snapshots3/DehazeNet_epoch138.pth
[2024-05-10 14:45:57.016929] test end with new-architecture/net3/snapshots3/DehazeNet_epoch138.pth
[2024-05-10 14:50:21.159852] Avg_PSNR: 19.770159583654518 dB, Avg_SSIM: 0.8719003809595474
[2024-05-10 14:50:21.182115] test start with new-architecture/net3/snapshots3/DehazeNet_epoch139.pth
[2024-05-10 14:54:06.413360] test end with new-architecture/net3/snapshots3/DehazeNet_epoch139.pth
[2024-05-10 14:57:41.184586] Avg_PSNR: 19.90152000497367 dB, Avg_SSIM: 0.8741417255211608
[2024-05-10 14:57:41.207305] test start with new-architecture/net3/snapshots3/DehazeNet_epoch140.pth
[2024-05-10 15:01:21.301533] test end with new-architecture/net3/snapshots3/DehazeNet_epoch140.pth
[2024-05-10 15:05:21.128072] Avg_PSNR: 19.865538233654277 dB, Avg_SSIM: 0.8740288565539646
[2024-05-10 15:05:21.150667] test start with new-architecture/net3/snapshots3/DehazeNet_epoch141.pth
[2024-05-10 15:09:08.771529] test end with new-architecture/net3/snapshots3/DehazeNet_epoch141.pth
[2024-05-10 15:13:32.028358] Avg_PSNR: 19.87038320001461 dB, Avg_SSIM: 0.8734798393534915
[2024-05-10 15:13:32.049217] test start with new-architecture/net3/snapshots3/DehazeNet_epoch142.pth
[2024-05-10 15:17:19.415480] test end with new-architecture/net3/snapshots3/DehazeNet_epoch142.pth
[2024-05-10 15:21:42.661182] Avg_PSNR: 20.05311644182062 dB, Avg_SSIM: 0.8716190302121556
[2024-05-10 15:21:42.684327] test start with new-architecture/net3/snapshots3/DehazeNet_epoch143.pth
[2024-05-10 15:25:29.893345] test end with new-architecture/net3/snapshots3/DehazeNet_epoch143.pth
[2024-05-10 15:29:52.535018] Avg_PSNR: 20.093149288427238 dB, Avg_SSIM: 0.8749771315421848
[2024-05-10 15:29:52.558767] test start with new-architecture/net3/snapshots3/DehazeNet_epoch144.pth
[2024-05-10 15:33:35.884702] test end with new-architecture/net3/snapshots3/DehazeNet_epoch144.pth
[2024-05-10 15:37:10.127672] Avg_PSNR: 20.01917369421633 dB, Avg_SSIM: 0.8749774427225527
[2024-05-10 15:37:10.147959] test start with new-architecture/net3/snapshots3/DehazeNet_epoch145.pth
[2024-05-10 15:40:49.954699] test end with new-architecture/net3/snapshots3/DehazeNet_epoch145.pth
[2024-05-10 15:44:24.075182] Avg_PSNR: 19.884501071595434 dB, Avg_SSIM: 0.8712221826164275
[2024-05-10 15:44:24.098058] test start with new-architecture/net3/snapshots3/DehazeNet_epoch146.pth
[2024-05-10 15:48:03.826078] test end with new-architecture/net3/snapshots3/DehazeNet_epoch146.pth
[2024-05-10 15:51:39.809949] Avg_PSNR: 19.902965909831565 dB, Avg_SSIM: 0.8712990886571209
[2024-05-10 15:51:39.830001] test start with new-architecture/net3/snapshots3/DehazeNet_epoch147.pth
[2024-05-10 15:55:28.011422] test end with new-architecture/net3/snapshots3/DehazeNet_epoch147.pth
[2024-05-10 16:00:14.286226] Avg_PSNR: 19.842036559065118 dB, Avg_SSIM: 0.8738654593143037
[2024-05-10 16:00:14.310170] test start with new-architecture/net3/snapshots3/DehazeNet_epoch148.pth
[2024-05-10 16:04:14.770446] test end with new-architecture/net3/snapshots3/DehazeNet_epoch148.pth
[2024-05-10 16:09:06.720976] Avg_PSNR: 19.857754525258926 dB, Avg_SSIM: 0.8748928500577265
[2024-05-10 16:09:06.742908] test start with new-architecture/net3/snapshots3/DehazeNet_epoch149.pth
[2024-05-10 16:13:07.906443] test end with new-architecture/net3/snapshots3/DehazeNet_epoch149.pth
[2024-05-10 16:17:58.701450] Avg_PSNR: 20.135508249094993 dB, Avg_SSIM: 0.8736607197246061
[2024-05-10 16:17:58.726600] test start with new-architecture/net3/snapshots3/DehazeNet_epoch150.pth
[2024-05-10 16:22:03.264610] test end with new-architecture/net3/snapshots3/DehazeNet_epoch150.pth
[2024-05-10 16:26:55.917173] Avg_PSNR: 20.032660327020757 dB, Avg_SSIM: 0.8740056182949414
[2024-05-10 16:26:55.940397] test start with new-architecture/net3/snapshots3/DehazeNet_epoch151.pth
[2024-05-10 16:30:57.438638] test end with new-architecture/net3/snapshots3/DehazeNet_epoch151.pth
[2024-05-10 16:35:49.871779] Avg_PSNR: 20.135757761639358 dB, Avg_SSIM: 0.8741842646247429
[2024-05-10 16:35:49.892275] test start with new-architecture/net3/snapshots3/DehazeNet_epoch152.pth
[2024-05-10 16:39:52.074259] test end with new-architecture/net3/snapshots3/DehazeNet_epoch152.pth
[2024-05-10 16:44:43.571697] Avg_PSNR: 20.14426844003997 dB, Avg_SSIM: 0.8745958709585623
[2024-05-10 16:44:43.599449] test start with new-architecture/net3/snapshots3/DehazeNet_epoch153.pth
[2024-05-10 16:48:47.337190] test end with new-architecture/net3/snapshots3/DehazeNet_epoch153.pth
[2024-05-10 16:53:37.179368] Avg_PSNR: 19.715789764237787 dB, Avg_SSIM: 0.8712965824398131
[2024-05-10 16:53:37.202626] test start with new-architecture/net3/snapshots3/DehazeNet_epoch154.pth
[2024-05-10 16:57:33.497373] test end with new-architecture/net3/snapshots3/DehazeNet_epoch154.pth
[2024-05-10 17:01:18.033163] Avg_PSNR: 20.138093987018475 dB, Avg_SSIM: 0.8728306585250198
[2024-05-10 17:01:18.056893] test start with new-architecture/net3/snapshots3/DehazeNet_epoch155.pth
[2024-05-10 17:05:05.410547] test end with new-architecture/net3/snapshots3/DehazeNet_epoch155.pth
[2024-05-10 17:08:50.917492] Avg_PSNR: 19.950522757997174 dB, Avg_SSIM: 0.8752334717314575
[2024-05-10 17:08:50.937035] test start with new-architecture/net3/snapshots3/DehazeNet_epoch156.pth
[2024-05-10 17:12:38.627480] test end with new-architecture/net3/snapshots3/DehazeNet_epoch156.pth
[2024-05-10 17:16:59.466388] Avg_PSNR: 19.961741737233083 dB, Avg_SSIM: 0.8756475854353254
[2024-05-10 17:16:59.487690] test start with new-architecture/net3/snapshots3/DehazeNet_epoch157.pth
[2024-05-10 17:20:59.911544] test end with new-architecture/net3/snapshots3/DehazeNet_epoch157.pth
[2024-05-10 17:25:38.271733] Avg_PSNR: 19.910602383424358 dB, Avg_SSIM: 0.8709190201465191
[2024-05-10 17:25:38.293902] test start with new-architecture/net3/snapshots3/DehazeNet_epoch158.pth
[2024-05-10 17:29:37.584511] test end with new-architecture/net3/snapshots3/DehazeNet_epoch158.pth
[2024-05-10 17:34:11.648212] Avg_PSNR: 19.96165558438847 dB, Avg_SSIM: 0.8756033877664187
[2024-05-10 17:34:11.673094] test start with new-architecture/net3/snapshots3/DehazeNet_epoch159.pth
[2024-05-10 17:38:08.448611] test end with new-architecture/net3/snapshots3/DehazeNet_epoch159.pth
[2024-05-10 17:42:44.492260] Avg_PSNR: 20.122981499321664 dB, Avg_SSIM: 0.8717790780742394
[2024-05-10 17:42:44.514011] test start with new-architecture/net3/snapshots3/DehazeNet_epoch160.pth
[2024-05-10 17:46:43.136299] test end with new-architecture/net3/snapshots3/DehazeNet_epoch160.pth
[2024-05-10 17:51:18.693316] Avg_PSNR: 19.810390989160627 dB, Avg_SSIM: 0.8744012459829356
[2024-05-10 17:51:18.716651] test start with new-architecture/net3/snapshots3/DehazeNet_epoch161.pth
[2024-05-10 17:55:17.428307] test end with new-architecture/net3/snapshots3/DehazeNet_epoch161.pth
[2024-05-10 17:59:50.501445] Avg_PSNR: 20.051250328049242 dB, Avg_SSIM: 0.8756496900318066
[2024-05-10 17:59:50.526586] test start with new-architecture/net3/snapshots3/DehazeNet_epoch162.pth
[2024-05-10 18:03:48.823805] test end with new-architecture/net3/snapshots3/DehazeNet_epoch162.pth
[2024-05-10 18:08:25.461055] Avg_PSNR: 20.102393203429898 dB, Avg_SSIM: 0.8747459646064705
[2024-05-10 18:08:25.483668] test start with new-architecture/net3/snapshots3/DehazeNet_epoch163.pth
[2024-05-10 18:12:24.113118] test end with new-architecture/net3/snapshots3/DehazeNet_epoch163.pth
[2024-05-10 18:16:59.925228] Avg_PSNR: 19.998384382797234 dB, Avg_SSIM: 0.8664335817565676
[2024-05-10 18:16:59.951186] test start with new-architecture/net3/snapshots3/DehazeNet_epoch164.pth
[2024-05-10 18:20:58.227194] test end with new-architecture/net3/snapshots3/DehazeNet_epoch164.pth
[2024-05-10 18:25:35.254379] Avg_PSNR: 19.932836060570782 dB, Avg_SSIM: 0.8748817991200746
[2024-05-10 18:25:35.274924] test start with new-architecture/net3/snapshots3/DehazeNet_epoch165.pth
[2024-05-10 18:29:31.912030] test end with new-architecture/net3/snapshots3/DehazeNet_epoch165.pth
[2024-05-10 18:34:11.004511] Avg_PSNR: 20.07099664895816 dB, Avg_SSIM: 0.875415888467444
[2024-05-10 18:34:11.026328] test start with new-architecture/net3/snapshots3/DehazeNet_epoch166.pth
[2024-05-10 18:38:11.275492] test end with new-architecture/net3/snapshots3/DehazeNet_epoch166.pth
[2024-05-10 18:42:53.906557] Avg_PSNR: 19.78956393982528 dB, Avg_SSIM: 0.8750005599139888
[2024-05-10 18:42:53.931390] test start with new-architecture/net3/snapshots3/DehazeNet_epoch167.pth
[2024-05-10 18:46:51.034916] test end with new-architecture/net3/snapshots3/DehazeNet_epoch167.pth
[2024-05-10 18:51:33.924232] Avg_PSNR: 19.968203391884995 dB, Avg_SSIM: 0.8759204237093008
[2024-05-10 18:51:33.947335] test start with new-architecture/net3/snapshots3/DehazeNet_epoch168.pth
[2024-05-10 18:55:31.937087] test end with new-architecture/net3/snapshots3/DehazeNet_epoch168.pth
[2024-05-10 19:00:04.453007] Avg_PSNR: 19.918309635008658 dB, Avg_SSIM: 0.8750313406548687
[2024-05-10 19:00:04.477802] test start with new-architecture/net3/snapshots3/DehazeNet_epoch169.pth
[2024-05-10 19:04:03.565838] test end with new-architecture/net3/snapshots3/DehazeNet_epoch169.pth
[2024-05-10 19:08:35.270632] Avg_PSNR: 20.032556423018892 dB, Avg_SSIM: 0.8757056391569089
[2024-05-10 19:08:35.291795] test start with new-architecture/net3/snapshots3/DehazeNet_epoch170.pth
[2024-05-10 19:12:34.936765] test end with new-architecture/net3/snapshots3/DehazeNet_epoch170.pth
[2024-05-10 19:17:08.572950] Avg_PSNR: 19.84986581032659 dB, Avg_SSIM: 0.8752096532562964
[2024-05-10 19:17:08.595459] test start with new-architecture/net3/snapshots3/DehazeNet_epoch171.pth
[2024-05-10 19:21:06.313470] test end with new-architecture/net3/snapshots3/DehazeNet_epoch171.pth
[2024-05-10 19:25:41.844377] Avg_PSNR: 20.125339108825173 dB, Avg_SSIM: 0.8757381880529804
[2024-05-10 19:25:41.866788] test start with new-architecture/net3/snapshots3/DehazeNet_epoch172.pth
[2024-05-10 19:29:41.764920] test end with new-architecture/net3/snapshots3/DehazeNet_epoch172.pth
[2024-05-10 19:34:16.548203] Avg_PSNR: 20.006971255276657 dB, Avg_SSIM: 0.874600173612959
[2024-05-10 19:34:16.570736] test start with new-architecture/net3/snapshots3/DehazeNet_epoch173.pth
[2024-05-10 19:38:14.093407] test end with new-architecture/net3/snapshots3/DehazeNet_epoch173.pth
[2024-05-10 19:42:45.971604] Avg_PSNR: 20.05850179917696 dB, Avg_SSIM: 0.8755638228928737
[2024-05-10 19:42:45.994694] test start with new-architecture/net3/snapshots3/DehazeNet_epoch174.pth
[2024-05-10 19:46:44.997611] test end with new-architecture/net3/snapshots3/DehazeNet_epoch174.pth
[2024-05-10 19:51:17.061582] Avg_PSNR: 19.92036008360354 dB, Avg_SSIM: 0.8738061298664986
[2024-05-10 19:51:17.085006] test start with new-architecture/net3/snapshots3/DehazeNet_epoch175.pth
[2024-05-10 19:55:10.890747] test end with new-architecture/net3/snapshots3/DehazeNet_epoch175.pth
[2024-05-10 19:59:46.339454] Avg_PSNR: 20.0363870965624 dB, Avg_SSIM: 0.8699720412761063
[2024-05-10 19:59:46.359696] test start with new-architecture/net3/snapshots3/DehazeNet_epoch176.pth
[2024-05-10 20:03:44.831359] test end with new-architecture/net3/snapshots3/DehazeNet_epoch176.pth
[2024-05-10 20:08:20.732104] Avg_PSNR: 20.049411352715303 dB, Avg_SSIM: 0.8760228265758832
[2024-05-10 20:08:20.752443] test start with new-architecture/net3/snapshots3/DehazeNet_epoch177.pth
[2024-05-10 20:12:17.534115] test end with new-architecture/net3/snapshots3/DehazeNet_epoch177.pth
[2024-05-10 20:16:50.009626] Avg_PSNR: 20.048382063988846 dB, Avg_SSIM: 0.8746308254257525
[2024-05-10 20:16:50.030229] test start with new-architecture/net3/snapshots3/DehazeNet_epoch178.pth
[2024-05-10 20:20:46.548099] test end with new-architecture/net3/snapshots3/DehazeNet_epoch178.pth
[2024-05-10 20:25:17.177341] Avg_PSNR: 19.893473887122127 dB, Avg_SSIM: 0.873052257265636
[2024-05-10 20:25:17.198791] test start with new-architecture/net3/snapshots3/DehazeNet_epoch179.pth
[2024-05-10 20:29:12.120168] test end with new-architecture/net3/snapshots3/DehazeNet_epoch179.pth
[2024-05-10 20:33:40.733312] Avg_PSNR: 19.984534656189545 dB, Avg_SSIM: 0.8764208763112382
[2024-05-10 20:33:40.754913] test start with new-architecture/net3/snapshots3/DehazeNet_epoch180.pth
[2024-05-10 20:37:31.198451] test end with new-architecture/net3/snapshots3/DehazeNet_epoch180.pth
[2024-05-10 20:41:17.863101] Avg_PSNR: 19.852843346697856 dB, Avg_SSIM: 0.8702949268613588
[2024-05-10 20:41:17.887048] test start with new-architecture/net3/snapshots3/DehazeNet_epoch181.pth
[2024-05-10 20:45:06.095692] test end with new-architecture/net3/snapshots3/DehazeNet_epoch181.pth
[2024-05-10 20:48:52.149029] Avg_PSNR: 20.05795779401429 dB, Avg_SSIM: 0.8761565578941823
[2024-05-10 20:48:52.172416] test start with new-architecture/net3/snapshots3/DehazeNet_epoch182.pth
[2024-05-10 20:52:40.157795] test end with new-architecture/net3/snapshots3/DehazeNet_epoch182.pth
[2024-05-10 20:56:26.721914] Avg_PSNR: 19.87631990644533 dB, Avg_SSIM: 0.873004993833117
[2024-05-10 20:56:26.746488] test start with new-architecture/net3/snapshots3/DehazeNet_epoch183.pth
[2024-05-10 21:00:14.347309] test end with new-architecture/net3/snapshots3/DehazeNet_epoch183.pth
[2024-05-10 21:04:01.120562] Avg_PSNR: 20.031303004489416 dB, Avg_SSIM: 0.8742818331452122
[2024-05-10 21:04:01.144850] test start with new-architecture/net3/snapshots3/DehazeNet_epoch184.pth
[2024-05-10 21:07:51.570553] test end with new-architecture/net3/snapshots3/DehazeNet_epoch184.pth
[2024-05-10 21:12:24.132306] Avg_PSNR: 19.94104665453989 dB, Avg_SSIM: 0.8744239406849631
[2024-05-10 21:12:24.153475] test start with new-architecture/net3/snapshots3/DehazeNet_epoch185.pth
[2024-05-10 21:16:16.858001] test end with new-architecture/net3/snapshots3/DehazeNet_epoch185.pth
[2024-05-10 21:20:47.285150] Avg_PSNR: 19.603017758018737 dB, Avg_SSIM: 0.8705074193776549
[2024-05-10 21:20:47.307950] test start with new-architecture/net3/snapshots3/DehazeNet_epoch186.pth
[2024-05-10 21:24:41.874057] test end with new-architecture/net3/snapshots3/DehazeNet_epoch186.pth
[2024-05-10 21:29:14.349590] Avg_PSNR: 19.946162873130376 dB, Avg_SSIM: 0.8759957791944868
[2024-05-10 21:29:14.370954] test start with new-architecture/net3/snapshots3/DehazeNet_epoch187.pth
[2024-05-10 21:33:08.040691] test end with new-architecture/net3/snapshots3/DehazeNet_epoch187.pth
[2024-05-10 21:37:15.300715] Avg_PSNR: 20.151606916822406 dB, Avg_SSIM: 0.8744398547474962
[2024-05-10 21:37:15.319446] test start with new-architecture/net3/snapshots3/DehazeNet_epoch188.pth
[2024-05-10 21:41:03.024066] test end with new-architecture/net3/snapshots3/DehazeNet_epoch188.pth
[2024-05-10 21:44:50.660681] Avg_PSNR: 20.011268638360797 dB, Avg_SSIM: 0.8762639171483319
[2024-05-10 21:44:50.681154] test start with new-architecture/net3/snapshots3/DehazeNet_epoch189.pth
[2024-05-10 21:48:37.917961] test end with new-architecture/net3/snapshots3/DehazeNet_epoch189.pth
[2024-05-10 21:52:26.710807] Avg_PSNR: 20.109654003226684 dB, Avg_SSIM: 0.8738284906215292
[2024-05-10 21:52:26.730585] test start with new-architecture/net3/snapshots3/DehazeNet_epoch190.pth
[2024-05-10 21:56:14.534046] test end with new-architecture/net3/snapshots3/DehazeNet_epoch190.pth
[2024-05-10 22:00:03.215334] Avg_PSNR: 19.9322641244475 dB, Avg_SSIM: 0.8741343086284175
[2024-05-10 22:00:03.242474] test start with new-architecture/net3/snapshots3/DehazeNet_epoch191.pth
[2024-05-10 22:03:50.118217] test end with new-architecture/net3/snapshots3/DehazeNet_epoch191.pth
[2024-05-10 22:07:39.041593] Avg_PSNR: 20.08314623612732 dB, Avg_SSIM: 0.8763887655261995
[2024-05-10 22:07:39.061173] test start with new-architecture/net3/snapshots3/DehazeNet_epoch192.pth
[2024-05-10 22:11:27.076329] test end with new-architecture/net3/snapshots3/DehazeNet_epoch192.pth
[2024-05-10 22:15:16.029592] Avg_PSNR: 19.8591364063657 dB, Avg_SSIM: 0.867136691512168
[2024-05-10 22:15:16.052044] test start with new-architecture/net3/snapshots3/DehazeNet_epoch193.pth
[2024-05-10 22:19:04.171579] test end with new-architecture/net3/snapshots3/DehazeNet_epoch193.pth
[2024-05-10 22:22:54.281049] Avg_PSNR: 19.512797521294807 dB, Avg_SSIM: 0.8670745821605725
[2024-05-10 22:22:54.304381] test start with new-architecture/net3/snapshots3/DehazeNet_epoch194.pth
[2024-05-10 22:26:41.511683] test end with new-architecture/net3/snapshots3/DehazeNet_epoch194.pth
[2024-05-10 22:30:32.815581] Avg_PSNR: 19.89599824372835 dB, Avg_SSIM: 0.8756097785907413
[2024-05-10 22:30:32.834346] test start with new-architecture/net3/snapshots3/DehazeNet_epoch195.pth
[2024-05-10 22:34:20.000825] test end with new-architecture/net3/snapshots3/DehazeNet_epoch195.pth
[2024-05-10 22:38:11.827485] Avg_PSNR: 19.906222039213798 dB, Avg_SSIM: 0.8762948138887146
[2024-05-10 22:38:11.836514] test start with new-architecture/net3/snapshots3/DehazeNet_epoch196.pth
[2024-05-10 22:42:02.721023] test end with new-architecture/net3/snapshots3/DehazeNet_epoch196.pth
[2024-05-10 22:45:54.017484] Avg_PSNR: 20.063329719116624 dB, Avg_SSIM: 0.874537618011584
[2024-05-10 22:45:54.036277] test start with new-architecture/net3/snapshots3/DehazeNet_epoch197.pth
[2024-05-10 22:49:41.432811] test end with new-architecture/net3/snapshots3/DehazeNet_epoch197.pth
[2024-05-10 22:53:31.244625] Avg_PSNR: 20.11035341490786 dB, Avg_SSIM: 0.8758863899341303
[2024-05-10 22:53:31.268359] test start with new-architecture/net3/snapshots3/DehazeNet_epoch198.pth
[2024-05-10 22:57:19.360439] test end with new-architecture/net3/snapshots3/DehazeNet_epoch198.pth
[2024-05-10 23:01:08.637461] Avg_PSNR: 20.05025529409427 dB, Avg_SSIM: 0.8728514869994582
[2024-05-10 23:01:08.657271] test start with new-architecture/net3/snapshots3/DehazeNet_epoch199.pth
[2024-05-10 23:04:56.780884] test end with new-architecture/net3/snapshots3/DehazeNet_epoch199.pth
[2024-05-10 23:08:44.310324] Avg_PSNR: 20.041218945988433 dB, Avg_SSIM: 0.8750508864965786
